Jul 16, 2019 4:58:20 AM _ServerPackage.Montreal_Server main
INFO: Inside the Montreal Server
Jul 16, 2019 4:58:20 AM _ServerPackage.Montreal_Class initialize
INFO: Initilize Implementations 
Jul 16, 2019 4:58:20 AM _ServerPackage.Montreal_Class initialize
INFO: Server is initilized.
Jul 16, 2019 5:32:56 AM _ServerPackage.Montreal_Server main
INFO: Inside the Montreal Server
Jul 16, 2019 5:32:56 AM _ServerPackage.Montreal_Class initialize
INFO: Initilize Implementations 
Jul 16, 2019 5:32:56 AM _ServerPackage.Montreal_Class initialize
INFO: Server is initilized.
Jul 16, 2019 5:42:00 AM _ServerPackage.Montreal_Server main
INFO: Inside the Montreal Server
Jul 16, 2019 5:42:00 AM _ServerPackage.Montreal_Class initialize
INFO: Initilize Implementations 
Jul 16, 2019 5:42:00 AM _ServerPackage.Montreal_Class initialize
INFO: Server is initilized.
Jul 16, 2019 5:43:44 AM _ServerPackage.Montreal_Server main
INFO: Inside the Montreal Server
Jul 16, 2019 5:43:44 AM _ServerPackage.Montreal_Class initialize
INFO: Initilize Implementations 
Jul 16, 2019 5:43:44 AM _ServerPackage.Montreal_Class initialize
INFO: Server is initilized.
Jul 16, 2019 5:45:39 AM _ServerPackage.Montreal_Server main
INFO: Inside the Montreal Server
Jul 16, 2019 5:45:39 AM _ServerPackage.Montreal_Class initialize
INFO: Initilize Implementations 
Jul 16, 2019 5:45:39 AM _ServerPackage.Montreal_Class initialize
INFO: Server is initilized.
Jul 16, 2019 5:58:24 AM _ServerPackage.Montreal_Server main
INFO: Inside the Montreal Server
Jul 16, 2019 5:58:24 AM _ServerPackage.Montreal_Class initialize
INFO: Initilize Implementations 
Jul 16, 2019 5:58:24 AM _ServerPackage.Montreal_Class initialize
INFO: Server is initilized.
Jul 16, 2019 6:04:20 AM _ServerPackage.Montreal_Server main
INFO: Inside the Montreal Server
Jul 16, 2019 6:04:20 AM _ServerPackage.Montreal_Class initialize
INFO: Initilize Implementations 
Jul 16, 2019 6:04:20 AM _ServerPackage.Montreal_Class initialize
INFO: Server is initilized.
Jul 16, 2019 7:38:12 AM _ServerPackage.Montreal_Server main
INFO: Inside the Montreal Server
Jul 16, 2019 7:38:12 AM _ServerPackage.Montreal_Class initialize
INFO: Initilize Implementations 
Jul 16, 2019 7:38:12 AM _ServerPackage.Montreal_Class initialize
INFO: Server is initilized.
Jul 16, 2019 10:57:14 AM _ServerPackage.Montreal_Server main
INFO: Inside the Montreal Server
Jul 16, 2019 10:57:14 AM _ServerPackage.Montreal_Class initialize
INFO: Initilize Implementations 
Jul 16, 2019 10:57:14 AM _ServerPackage.Montreal_Class initialize
INFO: Server is initilized.
Jul 20, 2019 3:44:14 PM ServerPackage.Montreal_Server main
INFO: Inside the Montreal Server
Jul 20, 2019 3:44:14 PM ServerPackage.Montreal_Class initialize
INFO: Initilize Implementations 
Jul 20, 2019 3:44:14 PM ServerPackage.Montreal_Class initialize
INFO: Server is initilized.
Jul 20, 2019 3:48:03 PM ServerPackage.Montreal_Server main
INFO: Inside the Montreal Server
Jul 20, 2019 3:48:03 PM ServerPackage.Montreal_Class initialize
INFO: Initilize Implementations 
Jul 20, 2019 3:48:03 PM ServerPackage.Montreal_Class initialize
INFO: Server is initilized.
