Jul 16, 2019 6:13:51 AM ClientPackage.EventManagerClient main
INFO: User id entered is MTLM1111
Jul 16, 2019 6:13:51 AM ClientPackage.EventManagerClient main
INFO: Entered as a Manager with IDMTLM1111
Jul 16, 2019 6:14:10 AM ClientPackage.EventManagerClient main
INFO: Request: Add event for client by manager 
Jul 16, 2019 6:14:13 AM ClientPackage.EventManagerClient main
INFO: Parameters :MTLA090619 Conference 2
Jul 16, 2019 6:14:13 AM ClientPackage.EventManagerClient main
INFO: Reply Event successfully added.
Jul 16, 2019 6:14:32 AM ClientPackage.EventManagerClient main
INFO: Request: Add event for client by manager 
Jul 16, 2019 6:14:35 AM ClientPackage.EventManagerClient main
INFO: Parameters :MTLA080619 TradeShow 2
Jul 16, 2019 6:14:35 AM ClientPackage.EventManagerClient main
INFO: Reply Event successfully added.
Jul 16, 2019 6:14:56 AM ClientPackage.EventManagerClient main
INFO: Request: Add event for client by manager 
Jul 16, 2019 6:14:59 AM ClientPackage.EventManagerClient main
INFO: Parameters :MTLE230719 Seminar 1
Jul 16, 2019 6:14:59 AM ClientPackage.EventManagerClient main
INFO: Reply Event successfully added.
Jul 16, 2019 6:23:38 AM ClientPackage.EventManagerClient main
INFO: Request: Add course from manager 
Jul 16, 2019 6:23:38 AM ClientPackage.EventManagerClient main
INFO: Parameters :MTLA080619 TradeShow
Jul 16, 2019 6:23:38 AM ClientPackage.EventManagerClient main
INFO: Reply The event was successfully removed.
