Jul 31, 2019 9:17:06 PM com.web.client.CustomerClient main
INFO: User id entered is TORC1234
Jul 31, 2019 9:17:06 PM com.web.client.CustomerClient main
INFO: entered as a client with IDTORC1234
Jul 31, 2019 9:17:18 PM com.web.client.CustomerClient main
INFO: Request to ottawa book event 
Jul 31, 2019 9:17:18 PM com.web.client.CustomerClient main
INFO: Parameters passed are customerID TORC1234 eventID OTWE080619 and eventtypeConference
Jul 31, 2019 9:17:18 PM com.web.client.CustomerClient main
INFO: Reply Event booked successfully.
Jul 31, 2019 9:17:36 PM com.web.client.CustomerClient main
INFO: Request to ottawa book event 
Jul 31, 2019 9:17:36 PM com.web.client.CustomerClient main
INFO: Parameters passed are customerID TORC1234 eventID MTLA090619 and eventtypeConference
Jul 31, 2019 9:17:36 PM com.web.client.CustomerClient main
INFO: Reply Event booked successfully.
Jul 31, 2019 9:17:49 PM com.web.client.CustomerClient main
INFO: Request to ottawa book event 
Jul 31, 2019 9:17:49 PM com.web.client.CustomerClient main
INFO: Parameters passed are customerID TORC1234 eventID MTLA080619 and eventtypeTradeShow
Jul 31, 2019 9:17:49 PM com.web.client.CustomerClient main
INFO: Reply Event booked successfully.
Jul 31, 2019 9:18:06 PM com.web.client.CustomerClient main
INFO: Request to ottawa book event 
Jul 31, 2019 9:18:06 PM com.web.client.CustomerClient main
INFO: Parameters passed are customerID TORC1234 eventID OTWE110619 and eventtypeConference
Jul 31, 2019 9:18:06 PM com.web.client.CustomerClient main
INFO: Reply User already registered for 3 events outside their city in 06month.
Jul 31, 2019 9:18:30 PM com.web.client.CustomerClient main
INFO: Request to ottawa book event 
Jul 31, 2019 9:18:30 PM com.web.client.CustomerClient main
INFO: Parameters passed are customerID TORC1234 eventID MTLE230719 and eventtypeSeminar
Jul 31, 2019 9:18:30 PM com.web.client.CustomerClient main
INFO: Reply Event booked successfully.
Jul 31, 2019 9:18:45 PM com.web.client.CustomerClient main
INFO: Request to ottawa book event 
Jul 31, 2019 9:18:45 PM com.web.client.CustomerClient main
INFO: Parameters passed are customerID TORC1234 eventID TORE050619 and eventtypeConference
Jul 31, 2019 9:18:45 PM com.web.client.CustomerClient main
INFO: Reply There is no Conferencecorresponding to the eventID you entered.
Jul 31, 2019 9:21:41 PM com.web.client.CustomerClient main
INFO: Request: Booking Schedule 
Jul 31, 2019 9:21:41 PM com.web.client.CustomerClient main
INFO: Parameter: student ID: TORC1234
Jul 31, 2019 9:21:41 PM com.web.client.CustomerClient main
INFO: Reply:[Following is the booking schedule for the customer, Conferences-, 1, OTWE080619, Seminars-, 1, MTLE230719, Trade Shows-, 0]
